Determining if the pthread_create exist failed with the following output:
Change Dir: /home/amartya/dev_ws/src/ros2_bridge_test/build/ros2_bridge_test/CMakeFiles/CMakeTmp

Run Build Command:"/usr/bin/make" "cmTC_47e22/fast"
/usr/bin/make -f CMakeFiles/cmTC_47e22.dir/build.make CMakeFiles/cmTC_47e22.dir/build
make[1]: Entering directory '/home/amartya/dev_ws/src/ros2_bridge_test/build/ros2_bridge_test/CMakeFiles/CMakeTmp'
Building C object CMakeFiles/cmTC_47e22.dir/CheckSymbolExists.c.o
/usr/bin/cc    -o CMakeFiles/cmTC_47e22.dir/CheckSymbolExists.c.o   -c /home/amartya/dev_ws/src/ros2_bridge_test/build/ros2_bridge_test/CMakeFiles/CMakeTmp/CheckSymbolExists.c
Linking C executable cmTC_47e22
/usr/bin/cmake -E cmake_link_script CMakeFiles/cmTC_47e22.dir/link.txt --verbose=1
/usr/bin/cc      CMakeFiles/cmTC_47e22.dir/CheckSymbolExists.c.o  -o cmTC_47e22 
CMakeFiles/cmTC_47e22.dir/CheckSymbolExists.c.o: In function `main':
CheckSymbolExists.c:(.text+0x1b): undefined reference to `pthread_create'
collect2: error: ld returned 1 exit status
CMakeFiles/cmTC_47e22.dir/build.make:97: recipe for target 'cmTC_47e22' failed
make[1]: *** [cmTC_47e22] Error 1
make[1]: Leaving directory '/home/amartya/dev_ws/src/ros2_bridge_test/build/ros2_bridge_test/CMakeFiles/CMakeTmp'
Makefile:126: recipe for target 'cmTC_47e22/fast' failed
make: *** [cmTC_47e22/fast] Error 2

File /home/amartya/dev_ws/src/ros2_bridge_test/build/ros2_bridge_test/CMakeFiles/CMakeTmp/CheckSymbolExists.c:
/* */
#include <pthread.h>

int main(int argc, char** argv)
{
  (void)argv;
#ifndef pthread_create
  return ((int*)(&pthread_create))[argc];
#else
  (void)argc;
  return 0;
#endif
}

Determining if the function pthread_create exists in the pthreads failed with the following output:
Change Dir: /home/amartya/dev_ws/src/ros2_bridge_test/build/ros2_bridge_test/CMakeFiles/CMakeTmp

Run Build Command:"/usr/bin/make" "cmTC_12a27/fast"
/usr/bin/make -f CMakeFiles/cmTC_12a27.dir/build.make CMakeFiles/cmTC_12a27.dir/build
make[1]: Entering directory '/home/amartya/dev_ws/src/ros2_bridge_test/build/ros2_bridge_test/CMakeFiles/CMakeTmp'
Building C object CMakeFiles/cmTC_12a27.dir/CheckFunctionExists.c.o
/usr/bin/cc   -DCHECK_FUNCTION_EXISTS=pthread_create   -o CMakeFiles/cmTC_12a27.dir/CheckFunctionExists.c.o   -c /usr/share/cmake-3.10/Modules/CheckFunctionExists.c
Linking C executable cmTC_12a27
/usr/bin/cmake -E cmake_link_script CMakeFiles/cmTC_12a27.dir/link.txt --verbose=1
/usr/bin/cc  -DCHECK_FUNCTION_EXISTS=pthread_create    CMakeFiles/cmTC_12a27.dir/CheckFunctionExists.c.o  -o cmTC_12a27 -lpthreads 
/usr/bin/ld: cannot find -lpthreads
collect2: error: ld returned 1 exit status
CMakeFiles/cmTC_12a27.dir/build.make:97: recipe for target 'cmTC_12a27' failed
make[1]: *** [cmTC_12a27] Error 1
make[1]: Leaving directory '/home/amartya/dev_ws/src/ros2_bridge_test/build/ros2_bridge_test/CMakeFiles/CMakeTmp'
Makefile:126: recipe for target 'cmTC_12a27/fast' failed
make: *** [cmTC_12a27/fast] Error 2


